<?xml version="1.0" encoding="UTF-8"?>
<testng-results ignored="0" total="2" passed="2" failed="0" skipped="0">
  <reporter-output>
  </reporter-output>
  <suite started-at="2022-08-14T00:08:19 IST" name="Default suite" finished-at="2022-08-14T00:08:19 IST" duration-ms="99">
    <groups>
    </groups>
    <test started-at="2022-08-14T00:08:19 IST" name="Default test" finished-at="2022-08-14T00:08:19 IST" duration-ms="99">
      <class name="com.sdata.AppTest">
        <test-method signature="testlogin1()[pri:0, instance:com.sdata.AppTest@6e509ffa]" started-at="2022-08-14T00:08:19 IST" name="testlogin1" finished-at="2022-08-14T00:08:19 IST" duration-ms="29" status="PASS">
          <reporter-output>
          </reporter-output>
        </test-method> <!-- testlogin1 -->
        <test-method signature="testlogin2()[pri:0, instance:com.sdata.AppTest@6e509ffa]" started-at="2022-08-14T00:08:19 IST" name="testlogin2" finished-at="2022-08-14T00:08:19 IST" duration-ms="3" status="PASS">
          <reporter-output>
          </reporter-output>
        </test-method> <!-- testlogin2 -->
      </class> <!-- com.sdata.AppTest -->
    </test> <!-- Default test -->
  </suite> <!-- Default suite -->
</testng-results>
